SF:lib/src/validators/string_validator.dart
DA:4,1
DA:6,1
DA:8,1
DA:11,1
DA:14,3
DA:15,2
DA:25,1
DA:27,1
DA:29,1
DA:34,1
DA:36,1
DA:38,1
DA:44,1
DA:46,1
DA:48,3
DA:54,1
DA:56,1
DA:58,3
DA:64,1
DA:66,1
DA:68,3
DA:74,1
DA:76,1
DA:78,2
LF:24
LH:24
end_of_record
SF:lib/src/validators/pattern_validator.dart
DA:6,1
DA:8,1
DA:10,2
DA:11,1
DA:16,1
DA:18,1
DA:20,3
DA:28,1
DA:30,1
DA:32,3
DA:39,1
DA:41,1
DA:43,3
LF:13
LH:13
end_of_record
SF:lib/src/validators/object_validator.dart
DA:6,1
DA:8,1
DA:10,2
DA:15,1
DA:22,1
DA:32,1
DA:34,1
DA:36,1
LF:8
LH:8
end_of_record
SF:lib/src/validators/num_validator.dart
DA:6,1
DA:8,1
DA:10,2
DA:17,1
DA:19,1
DA:21,2
DA:29,1
DA:31,1
DA:33,4
DA:41,1
DA:43,1
DA:45,4
LF:12
LH:12
end_of_record
SF:lib/src/validators/bool_validator.dart
DA:4,1
DA:11,1
DA:13,1
LF:3
LH:3
end_of_record
SF:lib/src/validations/pattern_validation_contract.dart
DA:5,1
DA:6,2
DA:9,1
DA:10,2
DA:13,1
DA:14,2
DA:17,1
DA:18,2
LF:8
LH:8
end_of_record
SF:lib/src/validations/bool_validation_contract.dart
DA:5,1
DA:6,2
DA:9,1
DA:10,2
LF:4
LH:4
end_of_record
SF:lib/src/validations/contract.dart
DA:19,1
DA:24,0
DA:27,1
DA:29,2
DA:30,2
DA:37,1
DA:40,2
DA:41,3
DA:44,1
DA:45,2
DA:46,1
DA:47,1
DA:48,1
DA:49,1
LF:14
LH:13
end_of_record
SF:lib/src/validations/string_validation_contract.dart
DA:5,1
DA:6,2
DA:9,1
DA:10,2
DA:13,1
DA:14,2
DA:17,1
DA:18,2
DA:21,1
DA:22,2
DA:25,1
DA:26,2
DA:29,1
DA:30,2
DA:33,1
DA:34,2
LF:16
LH:16
end_of_record
SF:lib/src/validations/object_validation_contract.dart
DA:5,1
DA:6,2
DA:9,1
DA:10,2
DA:13,1
DA:14,2
LF:6
LH:6
end_of_record
SF:lib/src/validations/num_validation_contract.dart
DA:6,1
DA:7,2
DA:10,1
DA:11,2
DA:14,1
DA:15,2
DA:18,1
DA:19,2
LF:8
LH:8
end_of_record
SF:lib/src/notifications/notification.dart
DA:4,1
LF:1
LH:1
end_of_record
SF:lib/src/notifications/notificable.dart
DA:6,1
DA:7,2
DA:10,2
DA:12,1
DA:13,2
DA:16,1
DA:17,2
DA:20,1
DA:21,3
DA:24,1
DA:25,2
DA:26,3
DA:30,3
DA:31,2
LF:14
LH:14
end_of_record
